<?xml version="1.0" encoding="UTF-8"?>
<testng-results skipped="0" failed="0" ignored="0" total="1" passed="1">
  <reporter-output>
  </reporter-output>
  <suite name="Suite" duration-ms="65" started-at="2018-07-06T00:20:02Z" finished-at="2018-07-06T00:20:02Z">
    <groups>
    </groups>
    <test name="Test" duration-ms="65" started-at="2018-07-06T00:20:02Z" finished-at="2018-07-06T00:20:02Z">
      <class name="testng.maventest">
        <test-method status="PASS" signature="print()[pri:0, instance:testng.maventest@5d5eef3d]" name="print" duration-ms="19" started-at="2018-07-05T20:20:02Z" finished-at="2018-07-05T20:20:02Z">
          <reporter-output>
          </reporter-output>
        </test-method> <!-- print -->
      </class> <!-- testng.maventest -->
    </test> <!-- Test -->
  </suite> <!-- Suite -->
</testng-results>
